[0.077s] DEBUG:colcon:Command line arguments: ['/usr/bin/colcon', 'build', '--packages-select', 'space_printer_description']
[0.077s] DEBUG:colcon:Parsed command line arguments: Namespace(log_base=None, log_level=None, verb_name='build', build_base='build', install_base='install', merge_install=False, symlink_install=False, test_result_base=None, continue_on_error=False, executor='parallel', parallel_workers=12, event_handlers=None, ignore_user_meta=False, metas=['./colcon.meta'], base_paths=['.'], packages_ignore=None, packages_ignore_regex=None, paths=None, packages_up_to=None, packages_up_to_regex=None, packages_above=None, packages_above_and_dependencies=None, packages_above_depth=None, packages_select_by_dep=None, packages_skip_by_dep=None, packages_skip_up_to=None, packages_select_build_failed=False, packages_skip_build_finished=False, packages_select_test_failures=False, packages_skip_test_passed=False, packages_select=['space_printer_description'], packages_skip=None, packages_select_regex=None, packages_skip_regex=None, packages_start=None, packages_end=None, allow_overriding=[], cmake_args=None, cmake_target=None, cmake_target_skip_unavailable=False, cmake_clean_cache=False, cmake_clean_first=False, cmake_force_configure=False, ament_cmake_args=None, catkin_cmake_args=None, catkin_skip_building_tests=False, verb_parser=<colcon_defaults.argument_parser.defaults.DefaultArgumentsDecorator object at 0x7f69598680a0>, verb_extension=<colcon_core.verb.build.BuildVerb object at 0x7f69599d56f0>, main=<bound method BuildVerb.main of <colcon_core.verb.build.BuildVerb object at 0x7f69599d56f0>>)
[0.208s] Level 1:colcon.colcon_core.package_discovery:discover_packages(colcon_meta) check parameters
[0.208s] Level 1:colcon.colcon_core.package_discovery:discover_packages(recursive) check parameters
[0.208s] Level 1:colcon.colcon_core.package_discovery:discover_packages(ignore) check parameters
[0.209s] Level 1:colcon.colcon_core.package_discovery:discover_packages(path) check parameters
[0.209s] Level 1:colcon.colcon_core.package_discovery:discover_packages(colcon_meta) discover
[0.209s] Level 1:colcon.colcon_core.package_discovery:discover_packages(recursive) discover
[0.209s] INFO:colcon.colcon_core.package_discovery:Crawling recursively for packages in '/media/kim/f1277ab9-8a55-4744-9d16-761b793c0e9e/home/kim/Bachelor_Thesis/Bachelor-Thesis'
[0.209s] Level 1:colcon.colcon_core.package_identification:_identify(.) by extensions ['ignore', 'ignore_ament_install']
[0.209s] Level 1:colcon.colcon_core.package_identification:_identify(.) by extension 'ignore'
[0.209s] Level 1:colcon.colcon_core.package_identification:_identify(.) by extension 'ignore_ament_install'
[0.209s] Level 1:colcon.colcon_core.package_identification:_identify(.) by extensions ['colcon_pkg']
[0.209s] Level 1:colcon.colcon_core.package_identification:_identify(.) by extension 'colcon_pkg'
[0.209s] Level 1:colcon.colcon_core.package_identification:_identify(.) by extensions ['colcon_meta']
[0.209s] Level 1:colcon.colcon_core.package_identification:_identify(.) by extension 'colcon_meta'
[0.209s] Level 1:colcon.colcon_core.package_identification:_identify(.) by extensions ['ros']
[0.209s] Level 1:colcon.colcon_core.package_identification:_identify(.) by extension 'ros'
[0.219s] Level 1:colcon.colcon_core.package_identification:_identify(.) by extensions ['cmake', 'python']
[0.219s] Level 1:colcon.colcon_core.package_identification:_identify(.) by extension 'cmake'
[0.219s] Level 1:colcon.colcon_core.package_identification:_identify(.) by extension 'python'
[0.219s] Level 1:colcon.colcon_core.package_identification:_identify(.) by extensions ['python_setup_py']
[0.219s] Level 1:colcon.colcon_core.package_identification:_identify(.) by extension 'python_setup_py'
[0.220s] Level 1:colcon.colcon_core.package_identification:_identify(Matlab) by extensions ['ignore', 'ignore_ament_install']
[0.220s] Level 1:colcon.colcon_core.package_identification:_identify(Matlab) by extension 'ignore'
[0.220s] Level 1:colcon.colcon_core.package_identification:_identify(Matlab) by extension 'ignore_ament_install'
[0.220s] Level 1:colcon.colcon_core.package_identification:_identify(Matlab) by extensions ['colcon_pkg']
[0.220s] Level 1:colcon.colcon_core.package_identification:_identify(Matlab) by extension 'colcon_pkg'
[0.220s] Level 1:colcon.colcon_core.package_identification:_identify(Matlab) by extensions ['colcon_meta']
[0.220s] Level 1:colcon.colcon_core.package_identification:_identify(Matlab) by extension 'colcon_meta'
[0.220s] Level 1:colcon.colcon_core.package_identification:_identify(Matlab) by extensions ['ros']
[0.220s] Level 1:colcon.colcon_core.package_identification:_identify(Matlab) by extension 'ros'
[0.220s] Level 1:colcon.colcon_core.package_identification:_identify(Matlab) by extensions ['cmake', 'python']
[0.220s] Level 1:colcon.colcon_core.package_identification:_identify(Matlab) by extension 'cmake'
[0.220s] Level 1:colcon.colcon_core.package_identification:_identify(Matlab) by extension 'python'
[0.220s] Level 1:colcon.colcon_core.package_identification:_identify(Matlab) by extensions ['python_setup_py']
[0.220s] Level 1:colcon.colcon_core.package_identification:_identify(Matlab) by extension 'python_setup_py'
[0.221s] Level 1:colcon.colcon_core.package_identification:_identify(build) by extensions ['ignore', 'ignore_ament_install']
[0.221s] Level 1:colcon.colcon_core.package_identification:_identify(build) by extension 'ignore'
[0.221s] Level 1:colcon.colcon_core.package_identification:_identify(build) ignored
[0.221s] Level 1:colcon.colcon_core.package_identification:_identify(install) by extensions ['ignore', 'ignore_ament_install']
[0.221s] Level 1:colcon.colcon_core.package_identification:_identify(install) by extension 'ignore'
[0.221s] Level 1:colcon.colcon_core.package_identification:_identify(install) ignored
[0.221s] Level 1:colcon.colcon_core.package_identification:_identify(log) by extensions ['ignore', 'ignore_ament_install']
[0.221s] Level 1:colcon.colcon_core.package_identification:_identify(log) by extension 'ignore'
[0.221s] Level 1:colcon.colcon_core.package_identification:_identify(log) ignored
[0.221s] Level 1:colcon.colcon_core.package_identification:_identify(src) by extensions ['ignore', 'ignore_ament_install']
[0.221s] Level 1:colcon.colcon_core.package_identification:_identify(src) by extension 'ignore'
[0.221s] Level 1:colcon.colcon_core.package_identification:_identify(src) by extension 'ignore_ament_install'
[0.221s] Level 1:colcon.colcon_core.package_identification:_identify(src) by extensions ['colcon_pkg']
[0.221s] Level 1:colcon.colcon_core.package_identification:_identify(src) by extension 'colcon_pkg'
[0.221s] Level 1:colcon.colcon_core.package_identification:_identify(src) by extensions ['colcon_meta']
[0.222s] Level 1:colcon.colcon_core.package_identification:_identify(src) by extension 'colcon_meta'
[0.222s] Level 1:colcon.colcon_core.package_identification:_identify(src) by extensions ['ros']
[0.222s] Level 1:colcon.colcon_core.package_identification:_identify(src) by extension 'ros'
[0.222s] Level 1:colcon.colcon_core.package_identification:_identify(src) by extensions ['cmake', 'python']
[0.222s] Level 1:colcon.colcon_core.package_identification:_identify(src) by extension 'cmake'
[0.222s] Level 1:colcon.colcon_core.package_identification:_identify(src) by extension 'python'
[0.222s] Level 1:colcon.colcon_core.package_identification:_identify(src) by extensions ['python_setup_py']
[0.222s] Level 1:colcon.colcon_core.package_identification:_identify(src) by extension 'python_setup_py'
[0.222s] Level 1:colcon.colcon_core.package_identification:_identify(src/space_printer_core) by extensions ['ignore', 'ignore_ament_install']
[0.222s] Level 1:colcon.colcon_core.package_identification:_identify(src/space_printer_core) by extension 'ignore'
[0.222s] Level 1:colcon.colcon_core.package_identification:_identify(src/space_printer_core) by extension 'ignore_ament_install'
[0.222s] Level 1:colcon.colcon_core.package_identification:_identify(src/space_printer_core) by extensions ['colcon_pkg']
[0.222s] Level 1:colcon.colcon_core.package_identification:_identify(src/space_printer_core) by extension 'colcon_pkg'
[0.222s] Level 1:colcon.colcon_core.package_identification:_identify(src/space_printer_core) by extensions ['colcon_meta']
[0.222s] Level 1:colcon.colcon_core.package_identification:_identify(src/space_printer_core) by extension 'colcon_meta'
[0.222s] Level 1:colcon.colcon_core.package_identification:_identify(src/space_printer_core) by extensions ['ros']
[0.222s] Level 1:colcon.colcon_core.package_identification:_identify(src/space_printer_core) by extension 'ros'
[0.225s] DEBUG:colcon.colcon_core.package_identification:Package 'src/space_printer_core' with type 'ros.ament_python' and name 'space_printer_core'
[0.225s] Level 1:colcon.colcon_core.package_identification:_identify(src/space_printer_description) by extensions ['ignore', 'ignore_ament_install']
[0.225s] Level 1:colcon.colcon_core.package_identification:_identify(src/space_printer_description) by extension 'ignore'
[0.225s] Level 1:colcon.colcon_core.package_identification:_identify(src/space_printer_description) by extension 'ignore_ament_install'
[0.225s] Level 1:colcon.colcon_core.package_identification:_identify(src/space_printer_description) by extensions ['colcon_pkg']
[0.225s] Level 1:colcon.colcon_core.package_identification:_identify(src/space_printer_description) by extension 'colcon_pkg'
[0.225s] Level 1:colcon.colcon_core.package_identification:_identify(src/space_printer_description) by extensions ['colcon_meta']
[0.225s] Level 1:colcon.colcon_core.package_identification:_identify(src/space_printer_description) by extension 'colcon_meta'
[0.225s] Level 1:colcon.colcon_core.package_identification:_identify(src/space_printer_description) by extensions ['ros']
[0.225s] Level 1:colcon.colcon_core.package_identification:_identify(src/space_printer_description) by extension 'ros'
[0.225s] DEBUG:colcon.colcon_core.package_identification:Package 'src/space_printer_description' with type 'ros.ament_cmake' and name 'space_printer_description'
[0.225s] Level 1:colcon.colcon_core.package_discovery:discover_packages(recursive) using defaults
[0.225s] Level 1:colcon.colcon_core.package_discovery:discover_packages(ignore) discover
[0.226s] Level 1:colcon.colcon_core.package_discovery:discover_packages(ignore) using defaults
[0.226s] Level 1:colcon.colcon_core.package_discovery:discover_packages(path) discover
[0.226s] Level 1:colcon.colcon_core.package_discovery:discover_packages(path) using defaults
[0.255s] INFO:colcon.colcon_core.package_selection:Skipping not selected package 'space_printer_core' in 'src/space_printer_core'
[0.256s] Level 1:colcon.colcon_core.package_discovery:discover_packages(prefix_path) check parameters
[0.256s] Level 1:colcon.colcon_core.package_discovery:discover_packages(prefix_path) discover
[0.256s] WARNING:colcon.colcon_ros.prefix_path.ament:The path '/media/kim/f1277ab9-8a55-4744-9d16-761b793c0e9e/home/kim/Bachelor_Thesis/Bachelor-Thesis/install/space_printer_description' in the environment variable AMENT_PREFIX_PATH doesn't exist
[0.256s] WARNING:colcon.colcon_ros.prefix_path.ament:The path '/media/kim/f1277ab9-8a55-4744-9d16-761b793c0e9e/home/kim/Bachelor_Thesis/Bachelor-Thesis/install/space_printer_core' in the environment variable AMENT_PREFIX_PATH doesn't exist
[0.257s] WARNING:colcon.colcon_ros.prefix_path.catkin:The path '/media/kim/f1277ab9-8a55-4744-9d16-761b793c0e9e/home/kim/Bachelor_Thesis/Bachelor-Thesis/install/space_printer_description' in the environment variable CMAKE_PREFIX_PATH doesn't exist
[0.257s] DEBUG:colcon.colcon_installed_package_information.package_discovery:Found 0 installed packages in /media/kim/f1277ab9-8a55-4744-9d16-761b793c0e9e/home/kim/Bachelor_Thesis/Bachelor-Thesis/install
[0.258s] DEBUG:colcon.colcon_installed_package_information.package_discovery:Found 384 installed packages in /opt/ros/humble
[0.260s] Level 1:colcon.colcon_core.package_discovery:discover_packages(prefix_path) using defaults
[0.296s] Level 5:colcon.colcon_core.verb:set package 'space_printer_description' build argument 'cmake_args' from command line to 'None'
[0.296s] Level 5:colcon.colcon_core.verb:set package 'space_printer_description' build argument 'cmake_target' from command line to 'None'
[0.296s] Level 5:colcon.colcon_core.verb:set package 'space_printer_description' build argument 'cmake_target_skip_unavailable' from command line to 'False'
[0.296s] Level 5:colcon.colcon_core.verb:set package 'space_printer_description' build argument 'cmake_clean_cache' from command line to 'False'
[0.296s] Level 5:colcon.colcon_core.verb:set package 'space_printer_description' build argument 'cmake_clean_first' from command line to 'False'
[0.296s] Level 5:colcon.colcon_core.verb:set package 'space_printer_description' build argument 'cmake_force_configure' from command line to 'False'
[0.296s] Level 5:colcon.colcon_core.verb:set package 'space_printer_description' build argument 'ament_cmake_args' from command line to 'None'
[0.296s] Level 5:colcon.colcon_core.verb:set package 'space_printer_description' build argument 'catkin_cmake_args' from command line to 'None'
[0.296s] Level 5:colcon.colcon_core.verb:set package 'space_printer_description' build argument 'catkin_skip_building_tests' from command line to 'False'
[0.296s] DEBUG:colcon.colcon_core.verb:Building package 'space_printer_description' with the following arguments: {'ament_cmake_args': None, 'build_base': '/media/kim/f1277ab9-8a55-4744-9d16-761b793c0e9e/home/kim/Bachelor_Thesis/Bachelor-Thesis/build/space_printer_description', 'catkin_cmake_args': None, 'catkin_skip_building_tests': False, 'cmake_args': None, 'cmake_clean_cache': False, 'cmake_clean_first': False, 'cmake_force_configure': False, 'cmake_target': None, 'cmake_target_skip_unavailable': False, 'install_base': '/media/kim/f1277ab9-8a55-4744-9d16-761b793c0e9e/home/kim/Bachelor_Thesis/Bachelor-Thesis/install/space_printer_description', 'merge_install': False, 'path': '/media/kim/f1277ab9-8a55-4744-9d16-761b793c0e9e/home/kim/Bachelor_Thesis/Bachelor-Thesis/src/space_printer_description', 'symlink_install': False, 'test_result_base': None}
[0.297s] INFO:colcon.colcon_core.executor:Executing jobs using 'parallel' executor
[0.297s] DEBUG:colcon.colcon_parallel_executor.executor.parallel:run_until_complete
[0.298s] INFO:colcon.colcon_ros.task.ament_cmake.build:Building ROS package in '/media/kim/f1277ab9-8a55-4744-9d16-761b793c0e9e/home/kim/Bachelor_Thesis/Bachelor-Thesis/src/space_printer_description' with build type 'ament_cmake'
[0.298s] INFO:colcon.colcon_cmake.task.cmake.build:Building CMake package in '/media/kim/f1277ab9-8a55-4744-9d16-761b793c0e9e/home/kim/Bachelor_Thesis/Bachelor-Thesis/src/space_printer_description'
[0.299s] INFO:colcon.colcon_core.plugin_system:Skipping extension 'colcon_core.shell.bat': Not used on non-Windows systems
[0.300s] INFO:colcon.colcon_core.shell:Skip shell extension 'powershell' for command environment: Not usable outside of PowerShell
[0.300s] DEBUG:colcon.colcon_core.shell:Skip shell extension 'dsv' for command environment
[0.307s] DEBUG:colcon.colcon_core.event_handler.log_command:Invoking command in '/media/kim/f1277ab9-8a55-4744-9d16-761b793c0e9e/home/kim/Bachelor_Thesis/Bachelor-Thesis/build/space_printer_description': CMAKE_PREFIX_PATH=${CMAKE_PREFIX_PATH}:/media/kim/f1277ab9-8a55-4744-9d16-761b793c0e9e/home/kim/Bachelor_Thesis/Bachelor-Thesis/install/space_printer_core:/opt/ros/humble /usr/bin/cmake /media/kim/f1277ab9-8a55-4744-9d16-761b793c0e9e/home/kim/Bachelor_Thesis/Bachelor-Thesis/src/space_printer_description -DCMAKE_INSTALL_PREFIX=/media/kim/f1277ab9-8a55-4744-9d16-761b793c0e9e/home/kim/Bachelor_Thesis/Bachelor-Thesis/install/space_printer_description
[0.861s] DEBUG:colcon.colcon_core.event_handler.log_command:Invoked command in '/media/kim/f1277ab9-8a55-4744-9d16-761b793c0e9e/home/kim/Bachelor_Thesis/Bachelor-Thesis/build/space_printer_description' returned '0': CMAKE_PREFIX_PATH=${CMAKE_PREFIX_PATH}:/media/kim/f1277ab9-8a55-4744-9d16-761b793c0e9e/home/kim/Bachelor_Thesis/Bachelor-Thesis/install/space_printer_core:/opt/ros/humble /usr/bin/cmake /media/kim/f1277ab9-8a55-4744-9d16-761b793c0e9e/home/kim/Bachelor_Thesis/Bachelor-Thesis/src/space_printer_description -DCMAKE_INSTALL_PREFIX=/media/kim/f1277ab9-8a55-4744-9d16-761b793c0e9e/home/kim/Bachelor_Thesis/Bachelor-Thesis/install/space_printer_description
[0.862s] DEBUG:colcon.colcon_core.event_handler.log_command:Invoking command in '/media/kim/f1277ab9-8a55-4744-9d16-761b793c0e9e/home/kim/Bachelor_Thesis/Bachelor-Thesis/build/space_printer_description': CMAKE_PREFIX_PATH=${CMAKE_PREFIX_PATH}:/media/kim/f1277ab9-8a55-4744-9d16-761b793c0e9e/home/kim/Bachelor_Thesis/Bachelor-Thesis/install/space_printer_core:/opt/ros/humble /usr/bin/cmake --build /media/kim/f1277ab9-8a55-4744-9d16-761b793c0e9e/home/kim/Bachelor_Thesis/Bachelor-Thesis/build/space_printer_description -- -j12 -l12
[0.896s] DEBUG:colcon.colcon_core.event_handler.log_command:Invoked command in '/media/kim/f1277ab9-8a55-4744-9d16-761b793c0e9e/home/kim/Bachelor_Thesis/Bachelor-Thesis/build/space_printer_description' returned '0': CMAKE_PREFIX_PATH=${CMAKE_PREFIX_PATH}:/media/kim/f1277ab9-8a55-4744-9d16-761b793c0e9e/home/kim/Bachelor_Thesis/Bachelor-Thesis/install/space_printer_core:/opt/ros/humble /usr/bin/cmake --build /media/kim/f1277ab9-8a55-4744-9d16-761b793c0e9e/home/kim/Bachelor_Thesis/Bachelor-Thesis/build/space_printer_description -- -j12 -l12
[0.905s] DEBUG:colcon.colcon_core.event_handler.log_command:Invoking command in '/media/kim/f1277ab9-8a55-4744-9d16-761b793c0e9e/home/kim/Bachelor_Thesis/Bachelor-Thesis/build/space_printer_description': CMAKE_PREFIX_PATH=${CMAKE_PREFIX_PATH}:/media/kim/f1277ab9-8a55-4744-9d16-761b793c0e9e/home/kim/Bachelor_Thesis/Bachelor-Thesis/install/space_printer_core:/opt/ros/humble /usr/bin/cmake --install /media/kim/f1277ab9-8a55-4744-9d16-761b793c0e9e/home/kim/Bachelor_Thesis/Bachelor-Thesis/build/space_printer_description
[0.917s] Level 1:colcon.colcon_core.environment:create_environment_scripts_only(space_printer_description)
[0.917s] DEBUG:colcon.colcon_core.event_handler.log_command:Invoked command in '/media/kim/f1277ab9-8a55-4744-9d16-761b793c0e9e/home/kim/Bachelor_Thesis/Bachelor-Thesis/build/space_printer_description' returned '0': CMAKE_PREFIX_PATH=${CMAKE_PREFIX_PATH}:/media/kim/f1277ab9-8a55-4744-9d16-761b793c0e9e/home/kim/Bachelor_Thesis/Bachelor-Thesis/install/space_printer_core:/opt/ros/humble /usr/bin/cmake --install /media/kim/f1277ab9-8a55-4744-9d16-761b793c0e9e/home/kim/Bachelor_Thesis/Bachelor-Thesis/build/space_printer_description
[0.919s] Level 1:colcon.colcon_core.environment:checking '/media/kim/f1277ab9-8a55-4744-9d16-761b793c0e9e/home/kim/Bachelor_Thesis/Bachelor-Thesis/install/space_printer_description' for CMake module files
[0.919s] Level 1:colcon.colcon_core.environment:checking '/media/kim/f1277ab9-8a55-4744-9d16-761b793c0e9e/home/kim/Bachelor_Thesis/Bachelor-Thesis/install/space_printer_description' for CMake config files
[0.919s] Level 1:colcon.colcon_core.shell:create_environment_hook('space_printer_description', 'cmake_prefix_path')
[0.920s] INFO:colcon.colcon_core.shell:Creating environment hook '/media/kim/f1277ab9-8a55-4744-9d16-761b793c0e9e/home/kim/Bachelor_Thesis/Bachelor-Thesis/install/space_printer_description/share/space_printer_description/hook/cmake_prefix_path.ps1'
[0.920s] INFO:colcon.colcon_core.shell:Creating environment descriptor '/media/kim/f1277ab9-8a55-4744-9d16-761b793c0e9e/home/kim/Bachelor_Thesis/Bachelor-Thesis/install/space_printer_description/share/space_printer_description/hook/cmake_prefix_path.dsv'
[0.921s] INFO:colcon.colcon_core.shell:Creating environment hook '/media/kim/f1277ab9-8a55-4744-9d16-761b793c0e9e/home/kim/Bachelor_Thesis/Bachelor-Thesis/install/space_printer_description/share/space_printer_description/hook/cmake_prefix_path.sh'
[0.921s] Level 1:colcon.colcon_core.environment:checking '/media/kim/f1277ab9-8a55-4744-9d16-761b793c0e9e/home/kim/Bachelor_Thesis/Bachelor-Thesis/install/space_printer_description/bin'
[0.921s] Level 1:colcon.colcon_core.environment:checking '/media/kim/f1277ab9-8a55-4744-9d16-761b793c0e9e/home/kim/Bachelor_Thesis/Bachelor-Thesis/install/space_printer_description/lib/pkgconfig/space_printer_description.pc'
[0.921s] Level 1:colcon.colcon_core.environment:checking '/media/kim/f1277ab9-8a55-4744-9d16-761b793c0e9e/home/kim/Bachelor_Thesis/Bachelor-Thesis/install/space_printer_description/lib/python3.10/site-packages'
[0.922s] Level 1:colcon.colcon_core.environment:checking '/media/kim/f1277ab9-8a55-4744-9d16-761b793c0e9e/home/kim/Bachelor_Thesis/Bachelor-Thesis/install/space_printer_description/bin'
[0.922s] INFO:colcon.colcon_core.shell:Creating package script '/media/kim/f1277ab9-8a55-4744-9d16-761b793c0e9e/home/kim/Bachelor_Thesis/Bachelor-Thesis/install/space_printer_description/share/space_printer_description/package.ps1'
[0.923s] INFO:colcon.colcon_core.shell:Creating package descriptor '/media/kim/f1277ab9-8a55-4744-9d16-761b793c0e9e/home/kim/Bachelor_Thesis/Bachelor-Thesis/install/space_printer_description/share/space_printer_description/package.dsv'
[0.923s] INFO:colcon.colcon_core.shell:Creating package script '/media/kim/f1277ab9-8a55-4744-9d16-761b793c0e9e/home/kim/Bachelor_Thesis/Bachelor-Thesis/install/space_printer_description/share/space_printer_description/package.sh'
[0.924s] INFO:colcon.colcon_core.shell:Creating package script '/media/kim/f1277ab9-8a55-4744-9d16-761b793c0e9e/home/kim/Bachelor_Thesis/Bachelor-Thesis/install/space_printer_description/share/space_printer_description/package.bash'
[0.924s] INFO:colcon.colcon_core.shell:Creating package script '/media/kim/f1277ab9-8a55-4744-9d16-761b793c0e9e/home/kim/Bachelor_Thesis/Bachelor-Thesis/install/space_printer_description/share/space_printer_description/package.zsh'
[0.925s] Level 1:colcon.colcon_core.environment:create_file_with_runtime_dependencies(/media/kim/f1277ab9-8a55-4744-9d16-761b793c0e9e/home/kim/Bachelor_Thesis/Bachelor-Thesis/install/space_printer_description/share/colcon-core/packages/space_printer_description)
[0.925s] Level 1:colcon.colcon_core.environment:create_environment_scripts_only(space_printer_description)
[0.925s] Level 1:colcon.colcon_core.environment:checking '/media/kim/f1277ab9-8a55-4744-9d16-761b793c0e9e/home/kim/Bachelor_Thesis/Bachelor-Thesis/install/space_printer_description' for CMake module files
[0.926s] Level 1:colcon.colcon_core.environment:checking '/media/kim/f1277ab9-8a55-4744-9d16-761b793c0e9e/home/kim/Bachelor_Thesis/Bachelor-Thesis/install/space_printer_description' for CMake config files
[0.926s] Level 1:colcon.colcon_core.shell:create_environment_hook('space_printer_description', 'cmake_prefix_path')
[0.926s] INFO:colcon.colcon_core.shell:Creating environment hook '/media/kim/f1277ab9-8a55-4744-9d16-761b793c0e9e/home/kim/Bachelor_Thesis/Bachelor-Thesis/install/space_printer_description/share/space_printer_description/hook/cmake_prefix_path.ps1'
[0.926s] INFO:colcon.colcon_core.shell:Creating environment descriptor '/media/kim/f1277ab9-8a55-4744-9d16-761b793c0e9e/home/kim/Bachelor_Thesis/Bachelor-Thesis/install/space_printer_description/share/space_printer_description/hook/cmake_prefix_path.dsv'
[0.927s] INFO:colcon.colcon_core.shell:Creating environment hook '/media/kim/f1277ab9-8a55-4744-9d16-761b793c0e9e/home/kim/Bachelor_Thesis/Bachelor-Thesis/install/space_printer_description/share/space_printer_description/hook/cmake_prefix_path.sh'
[0.927s] Level 1:colcon.colcon_core.environment:checking '/media/kim/f1277ab9-8a55-4744-9d16-761b793c0e9e/home/kim/Bachelor_Thesis/Bachelor-Thesis/install/space_printer_description/bin'
[0.927s] Level 1:colcon.colcon_core.environment:checking '/media/kim/f1277ab9-8a55-4744-9d16-761b793c0e9e/home/kim/Bachelor_Thesis/Bachelor-Thesis/install/space_printer_description/lib/pkgconfig/space_printer_description.pc'
[0.927s] Level 1:colcon.colcon_core.environment:checking '/media/kim/f1277ab9-8a55-4744-9d16-761b793c0e9e/home/kim/Bachelor_Thesis/Bachelor-Thesis/install/space_printer_description/lib/python3.10/site-packages'
[0.927s] Level 1:colcon.colcon_core.environment:checking '/media/kim/f1277ab9-8a55-4744-9d16-761b793c0e9e/home/kim/Bachelor_Thesis/Bachelor-Thesis/install/space_printer_description/bin'
[0.928s] INFO:colcon.colcon_core.shell:Creating package script '/media/kim/f1277ab9-8a55-4744-9d16-761b793c0e9e/home/kim/Bachelor_Thesis/Bachelor-Thesis/install/space_printer_description/share/space_printer_description/package.ps1'
[0.928s] INFO:colcon.colcon_core.shell:Creating package descriptor '/media/kim/f1277ab9-8a55-4744-9d16-761b793c0e9e/home/kim/Bachelor_Thesis/Bachelor-Thesis/install/space_printer_description/share/space_printer_description/package.dsv'
[0.928s] INFO:colcon.colcon_core.shell:Creating package script '/media/kim/f1277ab9-8a55-4744-9d16-761b793c0e9e/home/kim/Bachelor_Thesis/Bachelor-Thesis/install/space_printer_description/share/space_printer_description/package.sh'
[0.929s] INFO:colcon.colcon_core.shell:Creating package script '/media/kim/f1277ab9-8a55-4744-9d16-761b793c0e9e/home/kim/Bachelor_Thesis/Bachelor-Thesis/install/space_printer_description/share/space_printer_description/package.bash'
[0.929s] INFO:colcon.colcon_core.shell:Creating package script '/media/kim/f1277ab9-8a55-4744-9d16-761b793c0e9e/home/kim/Bachelor_Thesis/Bachelor-Thesis/install/space_printer_description/share/space_printer_description/package.zsh'
[0.929s] Level 1:colcon.colcon_core.environment:create_file_with_runtime_dependencies(/media/kim/f1277ab9-8a55-4744-9d16-761b793c0e9e/home/kim/Bachelor_Thesis/Bachelor-Thesis/install/space_printer_description/share/colcon-core/packages/space_printer_description)
[0.930s] DEBUG:colcon.colcon_parallel_executor.executor.parallel:closing loop
[0.930s] DEBUG:colcon.colcon_parallel_executor.executor.parallel:loop closed
[0.930s] DEBUG:colcon.colcon_parallel_executor.executor.parallel:run_until_complete finished with '0'
[0.930s] DEBUG:colcon.colcon_core.event_reactor:joining thread
[0.934s] INFO:colcon.colcon_core.plugin_system:Skipping extension 'colcon_notification.desktop_notification.terminal_notifier': Not used on non-Darwin systems
[0.934s] INFO:colcon.colcon_core.plugin_system:Skipping extension 'colcon_notification.desktop_notification.win32': Not used on non-Windows systems
[0.934s] INFO:colcon.colcon_notification.desktop_notification:Sending desktop notification using 'notify2'
[0.945s] DEBUG:colcon.colcon_core.event_reactor:joined thread
[0.945s] INFO:colcon.colcon_core.shell:Creating prefix script '/media/kim/f1277ab9-8a55-4744-9d16-761b793c0e9e/home/kim/Bachelor_Thesis/Bachelor-Thesis/install/local_setup.ps1'
[0.946s] INFO:colcon.colcon_core.shell:Creating prefix util module '/media/kim/f1277ab9-8a55-4744-9d16-761b793c0e9e/home/kim/Bachelor_Thesis/Bachelor-Thesis/install/_local_setup_util_ps1.py'
[0.947s] INFO:colcon.colcon_core.shell:Creating prefix chain script '/media/kim/f1277ab9-8a55-4744-9d16-761b793c0e9e/home/kim/Bachelor_Thesis/Bachelor-Thesis/install/setup.ps1'
[0.948s] INFO:colcon.colcon_core.shell:Creating prefix script '/media/kim/f1277ab9-8a55-4744-9d16-761b793c0e9e/home/kim/Bachelor_Thesis/Bachelor-Thesis/install/local_setup.sh'
[0.948s] INFO:colcon.colcon_core.shell:Creating prefix util module '/media/kim/f1277ab9-8a55-4744-9d16-761b793c0e9e/home/kim/Bachelor_Thesis/Bachelor-Thesis/install/_local_setup_util_sh.py'
[0.949s] INFO:colcon.colcon_core.shell:Creating prefix chain script '/media/kim/f1277ab9-8a55-4744-9d16-761b793c0e9e/home/kim/Bachelor_Thesis/Bachelor-Thesis/install/setup.sh'
[0.949s] INFO:colcon.colcon_core.shell:Creating prefix script '/media/kim/f1277ab9-8a55-4744-9d16-761b793c0e9e/home/kim/Bachelor_Thesis/Bachelor-Thesis/install/local_setup.bash'
[0.950s] INFO:colcon.colcon_core.shell:Creating prefix chain script '/media/kim/f1277ab9-8a55-4744-9d16-761b793c0e9e/home/kim/Bachelor_Thesis/Bachelor-Thesis/install/setup.bash'
[0.950s] INFO:colcon.colcon_core.shell:Creating prefix script '/media/kim/f1277ab9-8a55-4744-9d16-761b793c0e9e/home/kim/Bachelor_Thesis/Bachelor-Thesis/install/local_setup.zsh'
[0.951s] INFO:colcon.colcon_core.shell:Creating prefix chain script '/media/kim/f1277ab9-8a55-4744-9d16-761b793c0e9e/home/kim/Bachelor_Thesis/Bachelor-Thesis/install/setup.zsh'
