-- Install configuration: ""
-- Up-to-date: /media/kim/f1277ab9-8a55-4744-9d16-761b793c0e9e/home/kim/Bachelor_Thesis/Bachelor-Thesis/install/space_printer_description/share/space_printer_description/urdf
-- Up-to-date: /media/kim/f1277ab9-8a55-4744-9d16-761b793c0e9e/home/kim/Bachelor_Thesis/Bachelor-Thesis/install/space_printer_description/share/space_printer_description/urdf/space_printer.xml
-- Installing: /media/kim/f1277ab9-8a55-4744-9d16-761b793c0e9e/home/kim/Bachelor_Thesis/Bachelor-Thesis/install/space_printer_description/share/space_printer_description/urdf/space_printer.urdf
-- Installing: /media/kim/f1277ab9-8a55-4744-9d16-761b793c0e9e/home/kim/Bachelor_Thesis/Bachelor-Thesis/install/space_printer_description/share/space_printer_description/urdf/turtlebot_miner.urdf
-- Up-to-date: /media/kim/f1277ab9-8a55-4744-9d16-761b793c0e9e/home/kim/Bachelor_Thesis/Bachelor-Thesis/install/space_printer_description/share/space_printer_description/urdf/turtlebot_miner.urdf.xacro
-- Up-to-date: /media/kim/f1277ab9-8a55-4744-9d16-761b793c0e9e/home/kim/Bachelor_Thesis/Bachelor-Thesis/install/space_printer_description/share/space_printer_description/launch
-- Up-to-date: /media/kim/f1277ab9-8a55-4744-9d16-761b793c0e9e/home/kim/Bachelor_Thesis/Bachelor-Thesis/install/space_printer_description/share/space_printer_description/launch/display.launch.py
-- Up-to-date: /media/kim/f1277ab9-8a55-4744-9d16-761b793c0e9e/home/kim/Bachelor_Thesis/Bachelor-Thesis/install/space_printer_description/share/ament_index/resource_index/package_run_dependencies/space_printer_description
-- Up-to-date: /media/kim/f1277ab9-8a55-4744-9d16-761b793c0e9e/home/kim/Bachelor_Thesis/Bachelor-Thesis/install/space_printer_description/share/ament_index/resource_index/parent_prefix_path/space_printer_description
-- Up-to-date: /media/kim/f1277ab9-8a55-4744-9d16-761b793c0e9e/home/kim/Bachelor_Thesis/Bachelor-Thesis/install/space_printer_description/share/space_printer_description/environment/ament_prefix_path.sh
-- Up-to-date: /media/kim/f1277ab9-8a55-4744-9d16-761b793c0e9e/home/kim/Bachelor_Thesis/Bachelor-Thesis/install/space_printer_description/share/space_printer_description/environment/ament_prefix_path.dsv
-- Up-to-date: /media/kim/f1277ab9-8a55-4744-9d16-761b793c0e9e/home/kim/Bachelor_Thesis/Bachelor-Thesis/install/space_printer_description/share/space_printer_description/environment/path.sh
-- Up-to-date: /media/kim/f1277ab9-8a55-4744-9d16-761b793c0e9e/home/kim/Bachelor_Thesis/Bachelor-Thesis/install/space_printer_description/share/space_printer_description/environment/path.dsv
-- Up-to-date: /media/kim/f1277ab9-8a55-4744-9d16-761b793c0e9e/home/kim/Bachelor_Thesis/Bachelor-Thesis/install/space_printer_description/share/space_printer_description/local_setup.bash
-- Up-to-date: /media/kim/f1277ab9-8a55-4744-9d16-761b793c0e9e/home/kim/Bachelor_Thesis/Bachelor-Thesis/install/space_printer_description/share/space_printer_description/local_setup.sh
-- Up-to-date: /media/kim/f1277ab9-8a55-4744-9d16-761b793c0e9e/home/kim/Bachelor_Thesis/Bachelor-Thesis/install/space_printer_description/share/space_printer_description/local_setup.zsh
-- Up-to-date: /media/kim/f1277ab9-8a55-4744-9d16-761b793c0e9e/home/kim/Bachelor_Thesis/Bachelor-Thesis/install/space_printer_description/share/space_printer_description/local_setup.dsv
-- Installing: /media/kim/f1277ab9-8a55-4744-9d16-761b793c0e9e/home/kim/Bachelor_Thesis/Bachelor-Thesis/install/space_printer_description/share/space_printer_description/package.dsv
-- Up-to-date: /media/kim/f1277ab9-8a55-4744-9d16-761b793c0e9e/home/kim/Bachelor_Thesis/Bachelor-Thesis/install/space_printer_description/share/ament_index/resource_index/packages/space_printer_description
-- Up-to-date: /media/kim/f1277ab9-8a55-4744-9d16-761b793c0e9e/home/kim/Bachelor_Thesis/Bachelor-Thesis/install/space_printer_description/share/space_printer_description/cmake/space_printer_descriptionConfig.cmake
-- Up-to-date: /media/kim/f1277ab9-8a55-4744-9d16-761b793c0e9e/home/kim/Bachelor_Thesis/Bachelor-Thesis/install/space_printer_description/share/space_printer_description/cmake/space_printer_descriptionConfig-version.cmake
-- Up-to-date: /media/kim/f1277ab9-8a55-4744-9d16-761b793c0e9e/home/kim/Bachelor_Thesis/Bachelor-Thesis/install/space_printer_description/share/space_printer_description/package.xml
