[0.199s] Invoking command in '/home/ubuntu/space_twin_ws/build/space_printer_description': CMAKE_PREFIX_PATH=/opt/ros/humble /usr/bin/cmake /home/ubuntu/space_twin_ws/src/space_printer_description -DCMAKE_INSTALL_PREFIX=/home/ubuntu/space_twin_ws/install/space_printer_description
[0.251s] -- The C compiler identification is GNU 11.4.0
[0.297s] -- The CXX compiler identification is GNU 11.4.0
[0.303s] -- Detecting C compiler ABI info
[0.363s] -- Detecting C compiler ABI info - done
[0.368s] -- Check for working C compiler: /usr/bin/cc - skipped
[0.368s] -- Detecting C compile features
[0.369s] -- Detecting C compile features - done
[0.371s] -- Detecting CXX compiler ABI info
[0.440s] -- Detecting CXX compiler ABI info - done
[0.445s] -- Check for working CXX compiler: /usr/bin/c++ - skipped
[0.446s] -- Detecting CXX compile features
[0.446s] -- Detecting CXX compile features - done
[0.448s] -- Found ament_cmake: 1.3.14 (/opt/ros/humble/share/ament_cmake/cmake)
[0.566s] -- Found Python3: /usr/bin/python3 (found version "3.10.12") found components: Interpreter 
[0.629s] -- Found ament_lint_auto: 0.12.15 (/opt/ros/humble/share/ament_lint_auto/cmake)
[0.687s] -- Added test 'lint_cmake' to check CMake code style
[0.688s] -- Added test 'xmllint' to check XML markup files
[0.689s] -- Configuring done
[0.692s] -- Generating done
[0.693s] -- Build files have been written to: /home/ubuntu/space_twin_ws/build/space_printer_description
[0.697s] Invoked command in '/home/ubuntu/space_twin_ws/build/space_printer_description' returned '0': CMAKE_PREFIX_PATH=/opt/ros/humble /usr/bin/cmake /home/ubuntu/space_twin_ws/src/space_printer_description -DCMAKE_INSTALL_PREFIX=/home/ubuntu/space_twin_ws/install/space_printer_description
[0.699s] Invoking command in '/home/ubuntu/space_twin_ws/build/space_printer_description': CMAKE_PREFIX_PATH=/opt/ros/humble /usr/bin/cmake --build /home/ubuntu/space_twin_ws/build/space_printer_description -- -j12 -l12
[0.733s] Invoked command in '/home/ubuntu/space_twin_ws/build/space_printer_description' returned '0': CMAKE_PREFIX_PATH=/opt/ros/humble /usr/bin/cmake --build /home/ubuntu/space_twin_ws/build/space_printer_description -- -j12 -l12
[0.741s] Invoking command in '/home/ubuntu/space_twin_ws/build/space_printer_description': CMAKE_PREFIX_PATH=/opt/ros/humble /usr/bin/cmake --install /home/ubuntu/space_twin_ws/build/space_printer_description
[0.746s] -- Install configuration: ""
[0.746s] -- Installing: /home/ubuntu/space_twin_ws/install/space_printer_description/share/ament_index/resource_index/package_run_dependencies/space_printer_description
[0.747s] -- Installing: /home/ubuntu/space_twin_ws/install/space_printer_description/share/ament_index/resource_index/parent_prefix_path/space_printer_description
[0.747s] -- Installing: /home/ubuntu/space_twin_ws/install/space_printer_description/share/space_printer_description/environment/ament_prefix_path.sh
[0.747s] -- Installing: /home/ubuntu/space_twin_ws/install/space_printer_description/share/space_printer_description/environment/ament_prefix_path.dsv
[0.747s] -- Installing: /home/ubuntu/space_twin_ws/install/space_printer_description/share/space_printer_description/environment/path.sh
[0.747s] -- Installing: /home/ubuntu/space_twin_ws/install/space_printer_description/share/space_printer_description/environment/path.dsv
[0.747s] -- Installing: /home/ubuntu/space_twin_ws/install/space_printer_description/share/space_printer_description/local_setup.bash
[0.748s] -- Installing: /home/ubuntu/space_twin_ws/install/space_printer_description/share/space_printer_description/local_setup.sh
[0.748s] -- Installing: /home/ubuntu/space_twin_ws/install/space_printer_description/share/space_printer_description/local_setup.zsh
[0.748s] -- Installing: /home/ubuntu/space_twin_ws/install/space_printer_description/share/space_printer_description/local_setup.dsv
[0.748s] -- Installing: /home/ubuntu/space_twin_ws/install/space_printer_description/share/space_printer_description/package.dsv
[0.748s] -- Installing: /home/ubuntu/space_twin_ws/install/space_printer_description/share/ament_index/resource_index/packages/space_printer_description
[0.748s] -- Installing: /home/ubuntu/space_twin_ws/install/space_printer_description/share/space_printer_description/cmake/space_printer_descriptionConfig.cmake
[0.748s] -- Installing: /home/ubuntu/space_twin_ws/install/space_printer_description/share/space_printer_description/cmake/space_printer_descriptionConfig-version.cmake
[0.749s] -- Installing: /home/ubuntu/space_twin_ws/install/space_printer_description/share/space_printer_description/package.xml
[0.750s] Invoked command in '/home/ubuntu/space_twin_ws/build/space_printer_description' returned '0': CMAKE_PREFIX_PATH=/opt/ros/humble /usr/bin/cmake --install /home/ubuntu/space_twin_ws/build/space_printer_description
