[0.838s] Invoking command in '/media/kim/f1277ab9-8a55-4744-9d16-761b793c0e9e/home/kim/Bachelor_Thesis/Bachelor-Thesis/src/space_printer_core': PYTHONPATH=/media/kim/f1277ab9-8a55-4744-9d16-761b793c0e9e/home/kim/Bachelor_Thesis/Bachelor-Thesis/build/space_printer_core/prefix_override:/usr/lib/python3/dist-packages/colcon_core/task/python/colcon_distutils_commands:/media/kim/f1277ab9-8a55-4744-9d16-761b793c0e9e/home/kim/Bachelor_Thesis/Bachelor-Thesis/install/space_printer_core/lib/python3.10/site-packages:${PYTHONPATH} /usr/bin/python3 -W ignore:setup.py install is deprecated -W ignore:easy_install command is deprecated setup.py egg_info --egg-base ../../build/space_printer_core build --build-base /media/kim/f1277ab9-8a55-4744-9d16-761b793c0e9e/home/kim/Bachelor_Thesis/Bachelor-Thesis/build/space_printer_core/build install --record /media/kim/f1277ab9-8a55-4744-9d16-761b793c0e9e/home/kim/Bachelor_Thesis/Bachelor-Thesis/build/space_printer_core/install.log --single-version-externally-managed install_data
[1.115s] running egg_info
[1.116s] creating ../../build/space_printer_core/space_printer_core.egg-info
[1.116s] writing ../../build/space_printer_core/space_printer_core.egg-info/PKG-INFO
[1.117s] writing dependency_links to ../../build/space_printer_core/space_printer_core.egg-info/dependency_links.txt
[1.117s] writing entry points to ../../build/space_printer_core/space_printer_core.egg-info/entry_points.txt
[1.117s] writing requirements to ../../build/space_printer_core/space_printer_core.egg-info/requires.txt
[1.117s] writing top-level names to ../../build/space_printer_core/space_printer_core.egg-info/top_level.txt
[1.117s] writing manifest file '../../build/space_printer_core/space_printer_core.egg-info/SOURCES.txt'
[1.119s] reading manifest file '../../build/space_printer_core/space_printer_core.egg-info/SOURCES.txt'
[1.120s] writing manifest file '../../build/space_printer_core/space_printer_core.egg-info/SOURCES.txt'
[1.120s] running build
[1.120s] running build_py
[1.121s] creating /media/kim/f1277ab9-8a55-4744-9d16-761b793c0e9e/home/kim/Bachelor_Thesis/Bachelor-Thesis/build/space_printer_core/build
[1.121s] creating /media/kim/f1277ab9-8a55-4744-9d16-761b793c0e9e/home/kim/Bachelor_Thesis/Bachelor-Thesis/build/space_printer_core/build/lib
[1.121s] creating /media/kim/f1277ab9-8a55-4744-9d16-761b793c0e9e/home/kim/Bachelor_Thesis/Bachelor-Thesis/build/space_printer_core/build/lib/space_printer_core
[1.121s] copying space_printer_core/__init__.py -> /media/kim/f1277ab9-8a55-4744-9d16-761b793c0e9e/home/kim/Bachelor_Thesis/Bachelor-Thesis/build/space_printer_core/build/lib/space_printer_core
[1.121s] copying space_printer_core/gcode_parser_node.py -> /media/kim/f1277ab9-8a55-4744-9d16-761b793c0e9e/home/kim/Bachelor_Thesis/Bachelor-Thesis/build/space_printer_core/build/lib/space_printer_core
[1.121s] copying space_printer_core/network_simulator_node.py -> /media/kim/f1277ab9-8a55-4744-9d16-761b793c0e9e/home/kim/Bachelor_Thesis/Bachelor-Thesis/build/space_printer_core/build/lib/space_printer_core
[1.121s] copying space_printer_core/telemetry_node.py -> /media/kim/f1277ab9-8a55-4744-9d16-761b793c0e9e/home/kim/Bachelor_Thesis/Bachelor-Thesis/build/space_printer_core/build/lib/space_printer_core
[1.121s] running install
[1.122s] running install_lib
[1.123s] creating /media/kim/f1277ab9-8a55-4744-9d16-761b793c0e9e/home/kim/Bachelor_Thesis/Bachelor-Thesis/install/space_printer_core/lib/python3.10/site-packages/space_printer_core
[1.123s] copying /media/kim/f1277ab9-8a55-4744-9d16-761b793c0e9e/home/kim/Bachelor_Thesis/Bachelor-Thesis/build/space_printer_core/build/lib/space_printer_core/__init__.py -> /media/kim/f1277ab9-8a55-4744-9d16-761b793c0e9e/home/kim/Bachelor_Thesis/Bachelor-Thesis/install/space_printer_core/lib/python3.10/site-packages/space_printer_core
[1.123s] copying /media/kim/f1277ab9-8a55-4744-9d16-761b793c0e9e/home/kim/Bachelor_Thesis/Bachelor-Thesis/build/space_printer_core/build/lib/space_printer_core/gcode_parser_node.py -> /media/kim/f1277ab9-8a55-4744-9d16-761b793c0e9e/home/kim/Bachelor_Thesis/Bachelor-Thesis/install/space_printer_core/lib/python3.10/site-packages/space_printer_core
[1.123s] copying /media/kim/f1277ab9-8a55-4744-9d16-761b793c0e9e/home/kim/Bachelor_Thesis/Bachelor-Thesis/build/space_printer_core/build/lib/space_printer_core/network_simulator_node.py -> /media/kim/f1277ab9-8a55-4744-9d16-761b793c0e9e/home/kim/Bachelor_Thesis/Bachelor-Thesis/install/space_printer_core/lib/python3.10/site-packages/space_printer_core
[1.123s] copying /media/kim/f1277ab9-8a55-4744-9d16-761b793c0e9e/home/kim/Bachelor_Thesis/Bachelor-Thesis/build/space_printer_core/build/lib/space_printer_core/telemetry_node.py -> /media/kim/f1277ab9-8a55-4744-9d16-761b793c0e9e/home/kim/Bachelor_Thesis/Bachelor-Thesis/install/space_printer_core/lib/python3.10/site-packages/space_printer_core
[1.124s] byte-compiling /media/kim/f1277ab9-8a55-4744-9d16-761b793c0e9e/home/kim/Bachelor_Thesis/Bachelor-Thesis/install/space_printer_core/lib/python3.10/site-packages/space_printer_core/__init__.py to __init__.cpython-310.pyc
[1.124s] byte-compiling /media/kim/f1277ab9-8a55-4744-9d16-761b793c0e9e/home/kim/Bachelor_Thesis/Bachelor-Thesis/install/space_printer_core/lib/python3.10/site-packages/space_printer_core/gcode_parser_node.py to gcode_parser_node.cpython-310.pyc
[1.125s] byte-compiling /media/kim/f1277ab9-8a55-4744-9d16-761b793c0e9e/home/kim/Bachelor_Thesis/Bachelor-Thesis/install/space_printer_core/lib/python3.10/site-packages/space_printer_core/network_simulator_node.py to network_simulator_node.cpython-310.pyc
[1.126s] byte-compiling /media/kim/f1277ab9-8a55-4744-9d16-761b793c0e9e/home/kim/Bachelor_Thesis/Bachelor-Thesis/install/space_printer_core/lib/python3.10/site-packages/space_printer_core/telemetry_node.py to telemetry_node.cpython-310.pyc
[1.126s] running install_data
[1.126s] creating /media/kim/f1277ab9-8a55-4744-9d16-761b793c0e9e/home/kim/Bachelor_Thesis/Bachelor-Thesis/install/space_printer_core/share/ament_index
[1.126s] creating /media/kim/f1277ab9-8a55-4744-9d16-761b793c0e9e/home/kim/Bachelor_Thesis/Bachelor-Thesis/install/space_printer_core/share/ament_index/resource_index
[1.127s] creating /media/kim/f1277ab9-8a55-4744-9d16-761b793c0e9e/home/kim/Bachelor_Thesis/Bachelor-Thesis/install/space_printer_core/share/ament_index/resource_index/packages
[1.127s] copying resource/space_printer_core -> /media/kim/f1277ab9-8a55-4744-9d16-761b793c0e9e/home/kim/Bachelor_Thesis/Bachelor-Thesis/install/space_printer_core/share/ament_index/resource_index/packages
[1.127s] copying package.xml -> /media/kim/f1277ab9-8a55-4744-9d16-761b793c0e9e/home/kim/Bachelor_Thesis/Bachelor-Thesis/install/space_printer_core/share/space_printer_core
[1.127s] running install_egg_info
[1.130s] Copying ../../build/space_printer_core/space_printer_core.egg-info to /media/kim/f1277ab9-8a55-4744-9d16-761b793c0e9e/home/kim/Bachelor_Thesis/Bachelor-Thesis/install/space_printer_core/lib/python3.10/site-packages/space_printer_core-0.0.0-py3.10.egg-info
[1.131s] running install_scripts
[1.154s] Installing gcode_parser script to /media/kim/f1277ab9-8a55-4744-9d16-761b793c0e9e/home/kim/Bachelor_Thesis/Bachelor-Thesis/install/space_printer_core/lib/space_printer_core
[1.155s] Installing network_sim script to /media/kim/f1277ab9-8a55-4744-9d16-761b793c0e9e/home/kim/Bachelor_Thesis/Bachelor-Thesis/install/space_printer_core/lib/space_printer_core
[1.155s] Installing telemetry script to /media/kim/f1277ab9-8a55-4744-9d16-761b793c0e9e/home/kim/Bachelor_Thesis/Bachelor-Thesis/install/space_printer_core/lib/space_printer_core
[1.155s] writing list of installed files to '/media/kim/f1277ab9-8a55-4744-9d16-761b793c0e9e/home/kim/Bachelor_Thesis/Bachelor-Thesis/build/space_printer_core/install.log'
[1.189s] Invoked command in '/media/kim/f1277ab9-8a55-4744-9d16-761b793c0e9e/home/kim/Bachelor_Thesis/Bachelor-Thesis/src/space_printer_core' returned '0': PYTHONPATH=/media/kim/f1277ab9-8a55-4744-9d16-761b793c0e9e/home/kim/Bachelor_Thesis/Bachelor-Thesis/build/space_printer_core/prefix_override:/usr/lib/python3/dist-packages/colcon_core/task/python/colcon_distutils_commands:/media/kim/f1277ab9-8a55-4744-9d16-761b793c0e9e/home/kim/Bachelor_Thesis/Bachelor-Thesis/install/space_printer_core/lib/python3.10/site-packages:${PYTHONPATH} /usr/bin/python3 -W ignore:setup.py install is deprecated -W ignore:easy_install command is deprecated setup.py egg_info --egg-base ../../build/space_printer_core build --build-base /media/kim/f1277ab9-8a55-4744-9d16-761b793c0e9e/home/kim/Bachelor_Thesis/Bachelor-Thesis/build/space_printer_core/build install --record /media/kim/f1277ab9-8a55-4744-9d16-761b793c0e9e/home/kim/Bachelor_Thesis/Bachelor-Thesis/build/space_printer_core/install.log --single-version-externally-managed install_data
