[0.313s] Invoking command in '/media/kim/f1277ab9-8a55-4744-9d16-761b793c0e9e/home/kim/Bachelor_Thesis/Bachelor-Thesis/build/space_printer_description': CMAKE_PREFIX_PATH=${CMAKE_PREFIX_PATH}:/opt/ros/humble /usr/bin/cmake --build /media/kim/f1277ab9-8a55-4744-9d16-761b793c0e9e/home/kim/Bachelor_Thesis/Bachelor-Thesis/build/space_printer_description -- -j12 -l12
[0.387s] Invoked command in '/media/kim/f1277ab9-8a55-4744-9d16-761b793c0e9e/home/kim/Bachelor_Thesis/Bachelor-Thesis/build/space_printer_description' returned '0': CMAKE_PREFIX_PATH=${CMAKE_PREFIX_PATH}:/opt/ros/humble /usr/bin/cmake --build /media/kim/f1277ab9-8a55-4744-9d16-761b793c0e9e/home/kim/Bachelor_Thesis/Bachelor-Thesis/build/space_printer_description -- -j12 -l12
[0.401s] Invoking command in '/media/kim/f1277ab9-8a55-4744-9d16-761b793c0e9e/home/kim/Bachelor_Thesis/Bachelor-Thesis/build/space_printer_description': CMAKE_PREFIX_PATH=${CMAKE_PREFIX_PATH}:/opt/ros/humble /usr/bin/cmake --install /media/kim/f1277ab9-8a55-4744-9d16-761b793c0e9e/home/kim/Bachelor_Thesis/Bachelor-Thesis/build/space_printer_description
[0.410s] -- Install configuration: ""
[0.411s] -- Up-to-date: /media/kim/f1277ab9-8a55-4744-9d16-761b793c0e9e/home/kim/Bachelor_Thesis/Bachelor-Thesis/install/space_printer_description/share/space_printer_description/urdf
[0.411s] -- Up-to-date: /media/kim/f1277ab9-8a55-4744-9d16-761b793c0e9e/home/kim/Bachelor_Thesis/Bachelor-Thesis/install/space_printer_description/share/space_printer_description/urdf/space_printer.xml
[0.411s] -- Installing: /media/kim/f1277ab9-8a55-4744-9d16-761b793c0e9e/home/kim/Bachelor_Thesis/Bachelor-Thesis/install/space_printer_description/share/space_printer_description/urdf/space_printer.urdf
[0.411s] -- Installing: /media/kim/f1277ab9-8a55-4744-9d16-761b793c0e9e/home/kim/Bachelor_Thesis/Bachelor-Thesis/install/space_printer_description/share/space_printer_description/urdf/turtlebot_miner.urdf
[0.411s] -- Up-to-date: /media/kim/f1277ab9-8a55-4744-9d16-761b793c0e9e/home/kim/Bachelor_Thesis/Bachelor-Thesis/install/space_printer_description/share/space_printer_description/urdf/turtlebot_miner.urdf.xacro
[0.412s] -- Up-to-date: /media/kim/f1277ab9-8a55-4744-9d16-761b793c0e9e/home/kim/Bachelor_Thesis/Bachelor-Thesis/install/space_printer_description/share/space_printer_description/launch
[0.412s] -- Up-to-date: /media/kim/f1277ab9-8a55-4744-9d16-761b793c0e9e/home/kim/Bachelor_Thesis/Bachelor-Thesis/install/space_printer_description/share/space_printer_description/launch/display.launch.py
[0.412s] -- Up-to-date: /media/kim/f1277ab9-8a55-4744-9d16-761b793c0e9e/home/kim/Bachelor_Thesis/Bachelor-Thesis/install/space_printer_description/share/ament_index/resource_index/package_run_dependencies/space_printer_description
[0.412s] -- Up-to-date: /media/kim/f1277ab9-8a55-4744-9d16-761b793c0e9e/home/kim/Bachelor_Thesis/Bachelor-Thesis/install/space_printer_description/share/ament_index/resource_index/parent_prefix_path/space_printer_description
[0.412s] -- Up-to-date: /media/kim/f1277ab9-8a55-4744-9d16-761b793c0e9e/home/kim/Bachelor_Thesis/Bachelor-Thesis/install/space_printer_description/share/space_printer_description/environment/ament_prefix_path.sh
[0.412s] -- Up-to-date: /media/kim/f1277ab9-8a55-4744-9d16-761b793c0e9e/home/kim/Bachelor_Thesis/Bachelor-Thesis/install/space_printer_description/share/space_printer_description/environment/ament_prefix_path.dsv
[0.412s] -- Up-to-date: /media/kim/f1277ab9-8a55-4744-9d16-761b793c0e9e/home/kim/Bachelor_Thesis/Bachelor-Thesis/install/space_printer_description/share/space_printer_description/environment/path.sh
[0.413s] -- Up-to-date: /media/kim/f1277ab9-8a55-4744-9d16-761b793c0e9e/home/kim/Bachelor_Thesis/Bachelor-Thesis/install/space_printer_description/share/space_printer_description/environment/path.dsv
[0.413s] -- Up-to-date: /media/kim/f1277ab9-8a55-4744-9d16-761b793c0e9e/home/kim/Bachelor_Thesis/Bachelor-Thesis/install/space_printer_description/share/space_printer_description/local_setup.bash
[0.413s] -- Up-to-date: /media/kim/f1277ab9-8a55-4744-9d16-761b793c0e9e/home/kim/Bachelor_Thesis/Bachelor-Thesis/install/space_printer_description/share/space_printer_description/local_setup.sh
[0.413s] -- Up-to-date: /media/kim/f1277ab9-8a55-4744-9d16-761b793c0e9e/home/kim/Bachelor_Thesis/Bachelor-Thesis/install/space_printer_description/share/space_printer_description/local_setup.zsh
[0.413s] -- Up-to-date: /media/kim/f1277ab9-8a55-4744-9d16-761b793c0e9e/home/kim/Bachelor_Thesis/Bachelor-Thesis/install/space_printer_description/share/space_printer_description/local_setup.dsv
[0.413s] -- Installing: /media/kim/f1277ab9-8a55-4744-9d16-761b793c0e9e/home/kim/Bachelor_Thesis/Bachelor-Thesis/install/space_printer_description/share/space_printer_description/package.dsv
[0.413s] -- Up-to-date: /media/kim/f1277ab9-8a55-4744-9d16-761b793c0e9e/home/kim/Bachelor_Thesis/Bachelor-Thesis/install/space_printer_description/share/ament_index/resource_index/packages/space_printer_description
[0.413s] -- Up-to-date: /media/kim/f1277ab9-8a55-4744-9d16-761b793c0e9e/home/kim/Bachelor_Thesis/Bachelor-Thesis/install/space_printer_description/share/space_printer_description/cmake/space_printer_descriptionConfig.cmake
[0.413s] -- Up-to-date: /media/kim/f1277ab9-8a55-4744-9d16-761b793c0e9e/home/kim/Bachelor_Thesis/Bachelor-Thesis/install/space_printer_description/share/space_printer_description/cmake/space_printer_descriptionConfig-version.cmake
[0.413s] -- Up-to-date: /media/kim/f1277ab9-8a55-4744-9d16-761b793c0e9e/home/kim/Bachelor_Thesis/Bachelor-Thesis/install/space_printer_description/share/space_printer_description/package.xml
[0.416s] Invoked command in '/media/kim/f1277ab9-8a55-4744-9d16-761b793c0e9e/home/kim/Bachelor_Thesis/Bachelor-Thesis/build/space_printer_description' returned '0': CMAKE_PREFIX_PATH=${CMAKE_PREFIX_PATH}:/opt/ros/humble /usr/bin/cmake --install /media/kim/f1277ab9-8a55-4744-9d16-761b793c0e9e/home/kim/Bachelor_Thesis/Bachelor-Thesis/build/space_printer_description
