running egg_info
creating ../../build/space_printer_core/space_printer_core.egg-info
writing ../../build/space_printer_core/space_printer_core.egg-info/PKG-INFO
writing dependency_links to ../../build/space_printer_core/space_printer_core.egg-info/dependency_links.txt
writing entry points to ../../build/space_printer_core/space_printer_core.egg-info/entry_points.txt
writing requirements to ../../build/space_printer_core/space_printer_core.egg-info/requires.txt
writing top-level names to ../../build/space_printer_core/space_printer_core.egg-info/top_level.txt
writing manifest file '../../build/space_printer_core/space_printer_core.egg-info/SOURCES.txt'
reading manifest file '../../build/space_printer_core/space_printer_core.egg-info/SOURCES.txt'
writing manifest file '../../build/space_printer_core/space_printer_core.egg-info/SOURCES.txt'
running build
running build_py
creating /home/ubuntu/space_twin_ws/build/space_printer_core/build
creating /home/ubuntu/space_twin_ws/build/space_printer_core/build/lib
creating /home/ubuntu/space_twin_ws/build/space_printer_core/build/lib/space_printer_core
copying space_printer_core/__init__.py -> /home/ubuntu/space_twin_ws/build/space_printer_core/build/lib/space_printer_core
copying space_printer_core/gcode_parser_node.py -> /home/ubuntu/space_twin_ws/build/space_printer_core/build/lib/space_printer_core
running install
running install_lib
creating /home/ubuntu/space_twin_ws/install/space_printer_core/lib/python3.10/site-packages/space_printer_core
copying /home/ubuntu/space_twin_ws/build/space_printer_core/build/lib/space_printer_core/__init__.py -> /home/ubuntu/space_twin_ws/install/space_printer_core/lib/python3.10/site-packages/space_printer_core
copying /home/ubuntu/space_twin_ws/build/space_printer_core/build/lib/space_printer_core/gcode_parser_node.py -> /home/ubuntu/space_twin_ws/install/space_printer_core/lib/python3.10/site-packages/space_printer_core
byte-compiling /home/ubuntu/space_twin_ws/install/space_printer_core/lib/python3.10/site-packages/space_printer_core/__init__.py to __init__.cpython-310.pyc
byte-compiling /home/ubuntu/space_twin_ws/install/space_printer_core/lib/python3.10/site-packages/space_printer_core/gcode_parser_node.py to gcode_parser_node.cpython-310.pyc
running install_data
creating /home/ubuntu/space_twin_ws/install/space_printer_core/share/ament_index
creating /home/ubuntu/space_twin_ws/install/space_printer_core/share/ament_index/resource_index
creating /home/ubuntu/space_twin_ws/install/space_printer_core/share/ament_index/resource_index/packages
copying resource/space_printer_core -> /home/ubuntu/space_twin_ws/install/space_printer_core/share/ament_index/resource_index/packages
copying package.xml -> /home/ubuntu/space_twin_ws/install/space_printer_core/share/space_printer_core
running install_egg_info
Copying ../../build/space_printer_core/space_printer_core.egg-info to /home/ubuntu/space_twin_ws/install/space_printer_core/lib/python3.10/site-packages/space_printer_core-0.0.0-py3.10.egg-info
running install_scripts
Installing gcode_parser script to /home/ubuntu/space_twin_ws/install/space_printer_core/lib/space_printer_core
writing list of installed files to '/home/ubuntu/space_twin_ws/build/space_printer_core/install.log'
