[0.463s] Invoking command in '/home/ubuntu/space_twin_ws/src/space_printer_core': PYTHONPATH=/home/ubuntu/space_twin_ws/build/space_printer_core/prefix_override:/usr/lib/python3/dist-packages/colcon_core/task/python/colcon_distutils_commands:/home/ubuntu/space_twin_ws/install/space_printer_core/lib/python3.10/site-packages:${PYTHONPATH} /usr/bin/python3 -W ignore:setup.py install is deprecated -W ignore:easy_install command is deprecated setup.py egg_info --egg-base ../../build/space_printer_core build --build-base /home/ubuntu/space_twin_ws/build/space_printer_core/build install --record /home/ubuntu/space_twin_ws/build/space_printer_core/install.log --single-version-externally-managed install_data
[0.650s] running egg_info
[0.651s] creating ../../build/space_printer_core/space_printer_core.egg-info
[0.651s] writing ../../build/space_printer_core/space_printer_core.egg-info/PKG-INFO
[0.651s] writing dependency_links to ../../build/space_printer_core/space_printer_core.egg-info/dependency_links.txt
[0.651s] writing entry points to ../../build/space_printer_core/space_printer_core.egg-info/entry_points.txt
[0.651s] writing requirements to ../../build/space_printer_core/space_printer_core.egg-info/requires.txt
[0.651s] writing top-level names to ../../build/space_printer_core/space_printer_core.egg-info/top_level.txt
[0.651s] writing manifest file '../../build/space_printer_core/space_printer_core.egg-info/SOURCES.txt'
[0.652s] reading manifest file '../../build/space_printer_core/space_printer_core.egg-info/SOURCES.txt'
[0.653s] writing manifest file '../../build/space_printer_core/space_printer_core.egg-info/SOURCES.txt'
[0.653s] running build
[0.653s] running build_py
[0.653s] creating /home/ubuntu/space_twin_ws/build/space_printer_core/build
[0.653s] creating /home/ubuntu/space_twin_ws/build/space_printer_core/build/lib
[0.653s] creating /home/ubuntu/space_twin_ws/build/space_printer_core/build/lib/space_printer_core
[0.653s] copying space_printer_core/__init__.py -> /home/ubuntu/space_twin_ws/build/space_printer_core/build/lib/space_printer_core
[0.653s] copying space_printer_core/gcode_parser_node.py -> /home/ubuntu/space_twin_ws/build/space_printer_core/build/lib/space_printer_core
[0.653s] running install
[0.654s] running install_lib
[0.654s] creating /home/ubuntu/space_twin_ws/install/space_printer_core/lib/python3.10/site-packages/space_printer_core
[0.654s] copying /home/ubuntu/space_twin_ws/build/space_printer_core/build/lib/space_printer_core/__init__.py -> /home/ubuntu/space_twin_ws/install/space_printer_core/lib/python3.10/site-packages/space_printer_core
[0.654s] copying /home/ubuntu/space_twin_ws/build/space_printer_core/build/lib/space_printer_core/gcode_parser_node.py -> /home/ubuntu/space_twin_ws/install/space_printer_core/lib/python3.10/site-packages/space_printer_core
[0.655s] byte-compiling /home/ubuntu/space_twin_ws/install/space_printer_core/lib/python3.10/site-packages/space_printer_core/__init__.py to __init__.cpython-310.pyc
[0.655s] byte-compiling /home/ubuntu/space_twin_ws/install/space_printer_core/lib/python3.10/site-packages/space_printer_core/gcode_parser_node.py to gcode_parser_node.cpython-310.pyc
[0.655s] running install_data
[0.655s] creating /home/ubuntu/space_twin_ws/install/space_printer_core/share/ament_index
[0.655s] creating /home/ubuntu/space_twin_ws/install/space_printer_core/share/ament_index/resource_index
[0.655s] creating /home/ubuntu/space_twin_ws/install/space_printer_core/share/ament_index/resource_index/packages
[0.655s] copying resource/space_printer_core -> /home/ubuntu/space_twin_ws/install/space_printer_core/share/ament_index/resource_index/packages
[0.655s] copying package.xml -> /home/ubuntu/space_twin_ws/install/space_printer_core/share/space_printer_core
[0.655s] running install_egg_info
[0.657s] Copying ../../build/space_printer_core/space_printer_core.egg-info to /home/ubuntu/space_twin_ws/install/space_printer_core/lib/python3.10/site-packages/space_printer_core-0.0.0-py3.10.egg-info
[0.658s] running install_scripts
[0.673s] Installing gcode_parser script to /home/ubuntu/space_twin_ws/install/space_printer_core/lib/space_printer_core
[0.673s] writing list of installed files to '/home/ubuntu/space_twin_ws/build/space_printer_core/install.log'
[0.693s] Invoked command in '/home/ubuntu/space_twin_ws/src/space_printer_core' returned '0': PYTHONPATH=/home/ubuntu/space_twin_ws/build/space_printer_core/prefix_override:/usr/lib/python3/dist-packages/colcon_core/task/python/colcon_distutils_commands:/home/ubuntu/space_twin_ws/install/space_printer_core/lib/python3.10/site-packages:${PYTHONPATH} /usr/bin/python3 -W ignore:setup.py install is deprecated -W ignore:easy_install command is deprecated setup.py egg_info --egg-base ../../build/space_printer_core build --build-base /home/ubuntu/space_twin_ws/build/space_printer_core/build install --record /home/ubuntu/space_twin_ws/build/space_printer_core/install.log --single-version-externally-managed install_data
