running egg_info
writing ../../build/space_printer_core/space_printer_core.egg-info/PKG-INFO
writing dependency_links to ../../build/space_printer_core/space_printer_core.egg-info/dependency_links.txt
writing entry points to ../../build/space_printer_core/space_printer_core.egg-info/entry_points.txt
writing requirements to ../../build/space_printer_core/space_printer_core.egg-info/requires.txt
writing top-level names to ../../build/space_printer_core/space_printer_core.egg-info/top_level.txt
reading manifest file '../../build/space_printer_core/space_printer_core.egg-info/SOURCES.txt'
writing manifest file '../../build/space_printer_core/space_printer_core.egg-info/SOURCES.txt'
running build
running build_py
running install
running install_lib
running install_data
running install_egg_info
removing '/media/kim/f1277ab9-8a55-4744-9d16-761b793c0e9e/home/kim/Bachelor_Thesis/Bachelor-Thesis/install/space_printer_core/lib/python3.10/site-packages/space_printer_core-0.0.0-py3.10.egg-info' (and everything under it)
Copying ../../build/space_printer_core/space_printer_core.egg-info to /media/kim/f1277ab9-8a55-4744-9d16-761b793c0e9e/home/kim/Bachelor_Thesis/Bachelor-Thesis/install/space_printer_core/lib/python3.10/site-packages/space_printer_core-0.0.0-py3.10.egg-info
running install_scripts
Installing gcode_parser script to /media/kim/f1277ab9-8a55-4744-9d16-761b793c0e9e/home/kim/Bachelor_Thesis/Bachelor-Thesis/install/space_printer_core/lib/space_printer_core
Installing network_sim script to /media/kim/f1277ab9-8a55-4744-9d16-761b793c0e9e/home/kim/Bachelor_Thesis/Bachelor-Thesis/install/space_printer_core/lib/space_printer_core
Installing telemetry script to /media/kim/f1277ab9-8a55-4744-9d16-761b793c0e9e/home/kim/Bachelor_Thesis/Bachelor-Thesis/install/space_printer_core/lib/space_printer_core
writing list of installed files to '/media/kim/f1277ab9-8a55-4744-9d16-761b793c0e9e/home/kim/Bachelor_Thesis/Bachelor-Thesis/build/space_printer_core/install.log'
