[0.010s] Invoking command in '/media/kim/f1277ab9-8a55-4744-9d16-761b793c0e9e/home/kim/Bachelor_Thesis/Bachelor-Thesis/build/space_printer_description': CMAKE_PREFIX_PATH=/opt/ros/humble /usr/bin/cmake --build /media/kim/f1277ab9-8a55-4744-9d16-761b793c0e9e/home/kim/Bachelor_Thesis/Bachelor-Thesis/build/space_printer_description -- -j12 -l12
[0.050s] Invoked command in '/media/kim/f1277ab9-8a55-4744-9d16-761b793c0e9e/home/kim/Bachelor_Thesis/Bachelor-Thesis/build/space_printer_description' returned '0': CMAKE_PREFIX_PATH=/opt/ros/humble /usr/bin/cmake --build /media/kim/f1277ab9-8a55-4744-9d16-761b793c0e9e/home/kim/Bachelor_Thesis/Bachelor-Thesis/build/space_printer_description -- -j12 -l12
[0.060s] Invoking command in '/media/kim/f1277ab9-8a55-4744-9d16-761b793c0e9e/home/kim/Bachelor_Thesis/Bachelor-Thesis/build/space_printer_description': CMAKE_PREFIX_PATH=/opt/ros/humble /usr/bin/cmake --install /media/kim/f1277ab9-8a55-4744-9d16-761b793c0e9e/home/kim/Bachelor_Thesis/Bachelor-Thesis/build/space_printer_description
[0.067s] -- Install configuration: ""
[0.067s] -- Up-to-date: /media/kim/f1277ab9-8a55-4744-9d16-761b793c0e9e/home/kim/Bachelor_Thesis/Bachelor-Thesis/install/space_printer_description/share/space_printer_description/urdf
[0.067s] -- Up-to-date: /media/kim/f1277ab9-8a55-4744-9d16-761b793c0e9e/home/kim/Bachelor_Thesis/Bachelor-Thesis/install/space_printer_description/share/space_printer_description/urdf/space_printer.xml
[0.067s] -- Up-to-date: /media/kim/f1277ab9-8a55-4744-9d16-761b793c0e9e/home/kim/Bachelor_Thesis/Bachelor-Thesis/install/space_printer_description/share/space_printer_description/urdf/space_printer.urdf
[0.068s] -- Installing: /media/kim/f1277ab9-8a55-4744-9d16-761b793c0e9e/home/kim/Bachelor_Thesis/Bachelor-Thesis/install/space_printer_description/share/space_printer_description/urdf/turtlebot_miner.urdf
[0.068s] -- Installing: /media/kim/f1277ab9-8a55-4744-9d16-761b793c0e9e/home/kim/Bachelor_Thesis/Bachelor-Thesis/install/space_printer_description/share/space_printer_description/urdf/turtlebot_miner.urdf.xacro
[0.068s] -- Up-to-date: /media/kim/f1277ab9-8a55-4744-9d16-761b793c0e9e/home/kim/Bachelor_Thesis/Bachelor-Thesis/install/space_printer_description/share/space_printer_description/launch
[0.068s] -- Up-to-date: /media/kim/f1277ab9-8a55-4744-9d16-761b793c0e9e/home/kim/Bachelor_Thesis/Bachelor-Thesis/install/space_printer_description/share/space_printer_description/launch/display.launch.py
[0.068s] -- Up-to-date: /media/kim/f1277ab9-8a55-4744-9d16-761b793c0e9e/home/kim/Bachelor_Thesis/Bachelor-Thesis/install/space_printer_description/share/ament_index/resource_index/package_run_dependencies/space_printer_description
[0.068s] -- Up-to-date: /media/kim/f1277ab9-8a55-4744-9d16-761b793c0e9e/home/kim/Bachelor_Thesis/Bachelor-Thesis/install/space_printer_description/share/ament_index/resource_index/parent_prefix_path/space_printer_description
[0.068s] -- Up-to-date: /media/kim/f1277ab9-8a55-4744-9d16-761b793c0e9e/home/kim/Bachelor_Thesis/Bachelor-Thesis/install/space_printer_description/share/space_printer_description/environment/ament_prefix_path.sh
[0.068s] -- Up-to-date: /media/kim/f1277ab9-8a55-4744-9d16-761b793c0e9e/home/kim/Bachelor_Thesis/Bachelor-Thesis/install/space_printer_description/share/space_printer_description/environment/ament_prefix_path.dsv
[0.068s] -- Up-to-date: /media/kim/f1277ab9-8a55-4744-9d16-761b793c0e9e/home/kim/Bachelor_Thesis/Bachelor-Thesis/install/space_printer_description/share/space_printer_description/environment/path.sh
[0.068s] -- Up-to-date: /media/kim/f1277ab9-8a55-4744-9d16-761b793c0e9e/home/kim/Bachelor_Thesis/Bachelor-Thesis/install/space_printer_description/share/space_printer_description/environment/path.dsv
[0.068s] -- Up-to-date: /media/kim/f1277ab9-8a55-4744-9d16-761b793c0e9e/home/kim/Bachelor_Thesis/Bachelor-Thesis/install/space_printer_description/share/space_printer_description/local_setup.bash
[0.068s] -- Up-to-date: /media/kim/f1277ab9-8a55-4744-9d16-761b793c0e9e/home/kim/Bachelor_Thesis/Bachelor-Thesis/install/space_printer_description/share/space_printer_description/local_setup.sh
[0.068s] -- Up-to-date: /media/kim/f1277ab9-8a55-4744-9d16-761b793c0e9e/home/kim/Bachelor_Thesis/Bachelor-Thesis/install/space_printer_description/share/space_printer_description/local_setup.zsh
[0.068s] -- Up-to-date: /media/kim/f1277ab9-8a55-4744-9d16-761b793c0e9e/home/kim/Bachelor_Thesis/Bachelor-Thesis/install/space_printer_description/share/space_printer_description/local_setup.dsv
[0.069s] -- Installing: /media/kim/f1277ab9-8a55-4744-9d16-761b793c0e9e/home/kim/Bachelor_Thesis/Bachelor-Thesis/install/space_printer_description/share/space_printer_description/package.dsv
[0.069s] -- Up-to-date: /media/kim/f1277ab9-8a55-4744-9d16-761b793c0e9e/home/kim/Bachelor_Thesis/Bachelor-Thesis/install/space_printer_description/share/ament_index/resource_index/packages/space_printer_description
[0.069s] -- Up-to-date: /media/kim/f1277ab9-8a55-4744-9d16-761b793c0e9e/home/kim/Bachelor_Thesis/Bachelor-Thesis/install/space_printer_description/share/space_printer_description/cmake/space_printer_descriptionConfig.cmake
[0.069s] -- Up-to-date: /media/kim/f1277ab9-8a55-4744-9d16-761b793c0e9e/home/kim/Bachelor_Thesis/Bachelor-Thesis/install/space_printer_description/share/space_printer_description/cmake/space_printer_descriptionConfig-version.cmake
[0.069s] -- Up-to-date: /media/kim/f1277ab9-8a55-4744-9d16-761b793c0e9e/home/kim/Bachelor_Thesis/Bachelor-Thesis/install/space_printer_description/share/space_printer_description/package.xml
[0.071s] Invoked command in '/media/kim/f1277ab9-8a55-4744-9d16-761b793c0e9e/home/kim/Bachelor_Thesis/Bachelor-Thesis/build/space_printer_description' returned '0': CMAKE_PREFIX_PATH=/opt/ros/humble /usr/bin/cmake --install /media/kim/f1277ab9-8a55-4744-9d16-761b793c0e9e/home/kim/Bachelor_Thesis/Bachelor-Thesis/build/space_printer_description
