running egg_info
writing ../../build/space_printer_core/space_printer_core.egg-info/PKG-INFO
writing dependency_links to ../../build/space_printer_core/space_printer_core.egg-info/dependency_links.txt
writing entry points to ../../build/space_printer_core/space_printer_core.egg-info/entry_points.txt
writing requirements to ../../build/space_printer_core/space_printer_core.egg-info/requires.txt
writing top-level names to ../../build/space_printer_core/space_printer_core.egg-info/top_level.txt
reading manifest file '../../build/space_printer_core/space_printer_core.egg-info/SOURCES.txt'
writing manifest file '../../build/space_printer_core/space_printer_core.egg-info/SOURCES.txt'
running build
running build_py
copying space_printer_core/telemetry_node.py -> /home/ubuntu/space_twin_ws/build/space_printer_core/build/lib/space_printer_core
running install
running install_lib
copying /home/ubuntu/space_twin_ws/build/space_printer_core/build/lib/space_printer_core/telemetry_node.py -> /home/ubuntu/space_twin_ws/install/space_printer_core/lib/python3.10/site-packages/space_printer_core
byte-compiling /home/ubuntu/space_twin_ws/install/space_printer_core/lib/python3.10/site-packages/space_printer_core/telemetry_node.py to telemetry_node.cpython-310.pyc
running install_data
running install_egg_info
removing '/home/ubuntu/space_twin_ws/install/space_printer_core/lib/python3.10/site-packages/space_printer_core-0.0.0-py3.10.egg-info' (and everything under it)
Copying ../../build/space_printer_core/space_printer_core.egg-info to /home/ubuntu/space_twin_ws/install/space_printer_core/lib/python3.10/site-packages/space_printer_core-0.0.0-py3.10.egg-info
running install_scripts
Installing gcode_parser script to /home/ubuntu/space_twin_ws/install/space_printer_core/lib/space_printer_core
Installing telemetry script to /home/ubuntu/space_twin_ws/install/space_printer_core/lib/space_printer_core
writing list of installed files to '/home/ubuntu/space_twin_ws/build/space_printer_core/install.log'
