[0.385s] Invoking command in '/home/ubuntu/space_twin_ws/src/space_printer_core': PYTHONPATH=/home/ubuntu/space_twin_ws/build/space_printer_core/prefix_override:/usr/lib/python3/dist-packages/colcon_core/task/python/colcon_distutils_commands:/home/ubuntu/space_twin_ws/install/space_printer_core/lib/python3.10/site-packages: /usr/bin/python3 -W ignore:setup.py install is deprecated -W ignore:easy_install command is deprecated setup.py egg_info --egg-base ../../build/space_printer_core build --build-base /home/ubuntu/space_twin_ws/build/space_printer_core/build install --record /home/ubuntu/space_twin_ws/build/space_printer_core/install.log --single-version-externally-managed install_data
[0.539s] running egg_info
[0.539s] writing ../../build/space_printer_core/space_printer_core.egg-info/PKG-INFO
[0.539s] writing dependency_links to ../../build/space_printer_core/space_printer_core.egg-info/dependency_links.txt
[0.539s] writing entry points to ../../build/space_printer_core/space_printer_core.egg-info/entry_points.txt
[0.540s] writing requirements to ../../build/space_printer_core/space_printer_core.egg-info/requires.txt
[0.540s] writing top-level names to ../../build/space_printer_core/space_printer_core.egg-info/top_level.txt
[0.541s] reading manifest file '../../build/space_printer_core/space_printer_core.egg-info/SOURCES.txt'
[0.541s] writing manifest file '../../build/space_printer_core/space_printer_core.egg-info/SOURCES.txt'
[0.541s] running build
[0.541s] running build_py
[0.542s] copying space_printer_core/telemetry_node.py -> /home/ubuntu/space_twin_ws/build/space_printer_core/build/lib/space_printer_core
[0.542s] running install
[0.542s] running install_lib
[0.543s] copying /home/ubuntu/space_twin_ws/build/space_printer_core/build/lib/space_printer_core/telemetry_node.py -> /home/ubuntu/space_twin_ws/install/space_printer_core/lib/python3.10/site-packages/space_printer_core
[0.543s] byte-compiling /home/ubuntu/space_twin_ws/install/space_printer_core/lib/python3.10/site-packages/space_printer_core/telemetry_node.py to telemetry_node.cpython-310.pyc
[0.543s] running install_data
[0.543s] running install_egg_info
[0.545s] removing '/home/ubuntu/space_twin_ws/install/space_printer_core/lib/python3.10/site-packages/space_printer_core-0.0.0-py3.10.egg-info' (and everything under it)
[0.545s] Copying ../../build/space_printer_core/space_printer_core.egg-info to /home/ubuntu/space_twin_ws/install/space_printer_core/lib/python3.10/site-packages/space_printer_core-0.0.0-py3.10.egg-info
[0.546s] running install_scripts
[0.561s] Installing gcode_parser script to /home/ubuntu/space_twin_ws/install/space_printer_core/lib/space_printer_core
[0.561s] Installing telemetry script to /home/ubuntu/space_twin_ws/install/space_printer_core/lib/space_printer_core
[0.561s] writing list of installed files to '/home/ubuntu/space_twin_ws/build/space_printer_core/install.log'
[0.579s] Invoked command in '/home/ubuntu/space_twin_ws/src/space_printer_core' returned '0': PYTHONPATH=/home/ubuntu/space_twin_ws/build/space_printer_core/prefix_override:/usr/lib/python3/dist-packages/colcon_core/task/python/colcon_distutils_commands:/home/ubuntu/space_twin_ws/install/space_printer_core/lib/python3.10/site-packages: /usr/bin/python3 -W ignore:setup.py install is deprecated -W ignore:easy_install command is deprecated setup.py egg_info --egg-base ../../build/space_printer_core build --build-base /home/ubuntu/space_twin_ws/build/space_printer_core/build install --record /home/ubuntu/space_twin_ws/build/space_printer_core/install.log --single-version-externally-managed install_data
