[0.008s] Invoking command in '/home/ubuntu/space_twin_ws/build/space_printer_description': CMAKE_PREFIX_PATH=${CMAKE_PREFIX_PATH}:/home/ubuntu/space_twin_ws/install/space_printer_core:/opt/ros/humble /usr/bin/cmake --build /home/ubuntu/space_twin_ws/build/space_printer_description -- -j12 -l12
[0.029s] -- Found ament_cmake: 1.3.14 (/opt/ros/humble/share/ament_cmake/cmake)
[0.123s] -- Found ament_lint_auto: 0.12.15 (/opt/ros/humble/share/ament_lint_auto/cmake)
[0.175s] -- Added test 'flake8' to check Python code syntax and style conventions
[0.175s] -- Added test 'lint_cmake' to check CMake code style
[0.175s] -- Added test 'pep257' to check Python code against some of the docstring style conventions in PEP 257
[0.177s] -- Added test 'xmllint' to check XML markup files
[0.177s] -- Configuring done
[0.180s] -- Generating done
[0.181s] -- Build files have been written to: /home/ubuntu/space_twin_ws/build/space_printer_description
[0.200s] Invoked command in '/home/ubuntu/space_twin_ws/build/space_printer_description' returned '0': CMAKE_PREFIX_PATH=${CMAKE_PREFIX_PATH}:/home/ubuntu/space_twin_ws/install/space_printer_core:/opt/ros/humble /usr/bin/cmake --build /home/ubuntu/space_twin_ws/build/space_printer_description -- -j12 -l12
[0.209s] Invoking command in '/home/ubuntu/space_twin_ws/build/space_printer_description': CMAKE_PREFIX_PATH=${CMAKE_PREFIX_PATH}:/home/ubuntu/space_twin_ws/install/space_printer_core:/opt/ros/humble /usr/bin/cmake --install /home/ubuntu/space_twin_ws/build/space_printer_description
[0.214s] -- Install configuration: ""
[0.214s] -- Installing: /home/ubuntu/space_twin_ws/install/space_printer_description/share/space_printer_description/urdf
[0.214s] -- Installing: /home/ubuntu/space_twin_ws/install/space_printer_description/share/space_printer_description/urdf/space_printer.xml
[0.214s] -- Installing: /home/ubuntu/space_twin_ws/install/space_printer_description/share/space_printer_description/launch
[0.215s] -- Installing: /home/ubuntu/space_twin_ws/install/space_printer_description/share/space_printer_description/launch/display.launch.py
[0.215s] -- Up-to-date: /home/ubuntu/space_twin_ws/install/space_printer_description/share/ament_index/resource_index/package_run_dependencies/space_printer_description
[0.215s] -- Installing: /home/ubuntu/space_twin_ws/install/space_printer_description/share/ament_index/resource_index/parent_prefix_path/space_printer_description
[0.215s] -- Up-to-date: /home/ubuntu/space_twin_ws/install/space_printer_description/share/space_printer_description/environment/ament_prefix_path.sh
[0.215s] -- Installing: /home/ubuntu/space_twin_ws/install/space_printer_description/share/space_printer_description/environment/ament_prefix_path.dsv
[0.215s] -- Up-to-date: /home/ubuntu/space_twin_ws/install/space_printer_description/share/space_printer_description/environment/path.sh
[0.215s] -- Installing: /home/ubuntu/space_twin_ws/install/space_printer_description/share/space_printer_description/environment/path.dsv
[0.215s] -- Up-to-date: /home/ubuntu/space_twin_ws/install/space_printer_description/share/space_printer_description/local_setup.bash
[0.215s] -- Up-to-date: /home/ubuntu/space_twin_ws/install/space_printer_description/share/space_printer_description/local_setup.sh
[0.216s] -- Up-to-date: /home/ubuntu/space_twin_ws/install/space_printer_description/share/space_printer_description/local_setup.zsh
[0.216s] -- Installing: /home/ubuntu/space_twin_ws/install/space_printer_description/share/space_printer_description/local_setup.dsv
[0.216s] -- Installing: /home/ubuntu/space_twin_ws/install/space_printer_description/share/space_printer_description/package.dsv
[0.216s] -- Up-to-date: /home/ubuntu/space_twin_ws/install/space_printer_description/share/ament_index/resource_index/packages/space_printer_description
[0.216s] -- Up-to-date: /home/ubuntu/space_twin_ws/install/space_printer_description/share/space_printer_description/cmake/space_printer_descriptionConfig.cmake
[0.216s] -- Up-to-date: /home/ubuntu/space_twin_ws/install/space_printer_description/share/space_printer_description/cmake/space_printer_descriptionConfig-version.cmake
[0.216s] -- Up-to-date: /home/ubuntu/space_twin_ws/install/space_printer_description/share/space_printer_description/package.xml
[0.217s] Invoked command in '/home/ubuntu/space_twin_ws/build/space_printer_description' returned '0': CMAKE_PREFIX_PATH=${CMAKE_PREFIX_PATH}:/home/ubuntu/space_twin_ws/install/space_printer_core:/opt/ros/humble /usr/bin/cmake --install /home/ubuntu/space_twin_ws/build/space_printer_description
